2025-10-04 16:30:02,600 [ERROR] LogOutputStream:75 - [STDERR_REDIRECT] 
2025-10-04 23:16:55,460 [INFO] Activator:176 - 


2025-10-04 23:16:55,463 [INFO] Activator:177 - !SESSION log4j initialized
2025-10-04 23:17:15,146 [INFO] LogOutputStream:77 - [STDOUT_REDIRECT] 
2025-10-04 23:17:18,407 [INFO] ApplicationProperties:184 - Using Application install path: C:\ST\STM32CubeIDE_1.19.0\STM32CubeIDE\plugins\com.st.stm32cube.common.mx_6.15.0.202507011659
2025-10-04 23:17:18,526 [INFO] DbMcusXml:78 - Set database path to: C:\ST\STM32CubeIDE_1.19.0\STM32CubeIDE\plugins\com.st.stm32cube.common.mx_6.15.0.202507011659\\db\/mcu/
2025-10-04 23:17:18,528 [INFO] ApiDb:274 - Set plugin database path to: C:\ST\STM32CubeIDE_1.19.0\STM32CubeIDE\plugins\com.st.stm32cube.common.mx_6.15.0.202507011659\\db\/plugins/boardmanager/
2025-10-04 23:17:18,529 [WARN] ApiDb:259 - Overriding images path with different value:  => C:\ST\STM32CubeIDE_1.19.0\STM32CubeIDE\plugins\com.st.stm32cube.common.mx_6.15.0.202507011659\\db\/plugins/mcufinder/images/
2025-10-04 23:17:18,562 [INFO] ApiDb:250 - Set database path to: C:\Users\cadie\.stmcufinder\plugins\mcufinder//mcu/
2025-10-04 23:17:18,569 [INFO] DbMcusAds:125 - Set database path to: C:\Users\cadie\.stmcufinder\plugins\mcufinder//mcu/
2025-10-04 23:17:18,582 [INFO] CrossReferenceDbSqlite:203 - Set database path to: C:\Users\cadie\.stmcufinder\plugins\mcufinder//mcu/cs/
2025-10-04 23:17:19,463 [INFO] RulesReader:64 - Compatibility file has been processed (317 Rules)
2025-10-04 23:17:19,822 [INFO] DbMcusXml:78 - Set database path to: C:\ST\STM32CubeIDE_1.19.0\STM32CubeIDE\plugins\com.st.stm32cube.common.mx_6.15.0.202507011659\\db\/mcu/
2025-10-04 23:17:19,823 [INFO] ApiDb:274 - Set plugin database path to: C:\ST\STM32CubeIDE_1.19.0\STM32CubeIDE\plugins\com.st.stm32cube.common.mx_6.15.0.202507011659\\db\/plugins/boardmanager/
2025-10-04 23:17:19,824 [INFO] ApiDb:261 - Set plugin images path to: C:\ST\STM32CubeIDE_1.19.0\STM32CubeIDE\plugins\com.st.stm32cube.common.mx_6.15.0.202507011659\\db\/plugins/mcufinder/images/
2025-10-04 23:17:19,825 [WARN] DbFile:41 - Overriding database path with different value: C:\Users\cadie\.stmcufinder\plugins\mcufinder/ => C:\Users\cadie\.stmcufinder\plugins\mcufinder
2025-10-04 23:17:19,825 [INFO] ApiDb:250 - Set database path to: C:\Users\cadie\.stmcufinder\plugins\mcufinder//mcu/
2025-10-04 23:17:19,826 [WARN] DbFile:41 - Overriding database path with different value: C:\Users\cadie\.stmcufinder\plugins\mcufinder/ => C:\Users\cadie\.stmcufinder\plugins\mcufinder
2025-10-04 23:17:19,826 [INFO] DbMcusAds:125 - Set database path to: C:\Users\cadie\.stmcufinder\plugins\mcufinder//mcu/
2025-10-04 23:17:19,827 [WARN] DbFile:41 - Overriding database path with different value: C:\Users\cadie\.stmcufinder\plugins\mcufinder/ => C:\Users\cadie\.stmcufinder\plugins\mcufinder
2025-10-04 23:17:19,827 [WARN] DbFile:41 - Overriding database path with different value: C:\Users\cadie\.stmcufinder\plugins\mcufinder/ => C:\Users\cadie\.stmcufinder\plugins\mcufinder
2025-10-04 23:17:19,828 [INFO] CrossReferenceDbSqlite:203 - Set database path to: C:\Users\cadie\.stmcufinder\plugins\mcufinder//mcu/cs/
2025-10-04 23:17:20,154 [INFO] MainPanel:274 - HeapMemory: 268435456
2025-10-04 23:17:20,556 [INFO] DbMcusXml:78 - Set database path to: C:\ST\STM32CubeIDE_1.19.0\STM32CubeIDE\plugins\com.st.stm32cube.common.mx_6.15.0.202507011659\\db\/mcu/
2025-10-04 23:17:20,557 [INFO] ApiDb:274 - Set plugin database path to: C:\ST\STM32CubeIDE_1.19.0\STM32CubeIDE\plugins\com.st.stm32cube.common.mx_6.15.0.202507011659\\db\/plugins/boardmanager/
2025-10-04 23:17:20,557 [INFO] ApiDb:261 - Set plugin images path to: C:\ST\STM32CubeIDE_1.19.0\STM32CubeIDE\plugins\com.st.stm32cube.common.mx_6.15.0.202507011659\\db\/plugins/mcufinder/images/
2025-10-04 23:17:20,559 [WARN] DbFile:41 - Overriding database path with different value: C:\Users\cadie\.stmcufinder\plugins\mcufinder/ => C:\Users\cadie\.stmcufinder\plugins\mcufinder
2025-10-04 23:17:20,559 [INFO] ApiDb:250 - Set database path to: C:\Users\cadie\.stmcufinder\plugins\mcufinder//mcu/
2025-10-04 23:17:20,559 [WARN] DbFile:41 - Overriding database path with different value: C:\Users\cadie\.stmcufinder\plugins\mcufinder/ => C:\Users\cadie\.stmcufinder\plugins\mcufinder
2025-10-04 23:17:20,559 [INFO] DbMcusAds:125 - Set database path to: C:\Users\cadie\.stmcufinder\plugins\mcufinder//mcu/
2025-10-04 23:17:20,560 [WARN] DbFile:41 - Overriding database path with different value: C:\Users\cadie\.stmcufinder\plugins\mcufinder/ => C:\Users\cadie\.stmcufinder\plugins\mcufinder
2025-10-04 23:17:20,560 [WARN] DbFile:41 - Overriding database path with different value: C:\Users\cadie\.stmcufinder\plugins\mcufinder/ => C:\Users\cadie\.stmcufinder\plugins\mcufinder
2025-10-04 23:17:20,560 [INFO] CrossReferenceDbSqlite:203 - Set database path to: C:\Users\cadie\.stmcufinder\plugins\mcufinder//mcu/cs/
2025-10-04 23:17:20,655 [INFO] ApplicationProperties:184 - Using Application install path: C:\ST\STM32CubeIDE_1.19.0\STM32CubeIDE\plugins\com.st.stm32cube.common.mx_6.15.0.202507011659
2025-10-04 23:17:20,665 [INFO] PluginManage:196 - Search for loadable plugins [exclusion list=, ]
2025-10-04 23:17:20,675 [INFO] PluginManage:310 - Check plugin analytics
2025-10-04 23:17:21,320 [INFO] AnalyticsPlugin:253 - Accepted Software Licenses: STM32CubeMX.6.15.0
2025-10-04 23:17:21,320 [INFO] AnalyticsPlugin:255 - Accepted CMSIS Pack Licenses: 
2025-10-04 23:17:21,320 [INFO] AnalyticsPlugin:257 - Accepted Firmware Licenses: FW.H7RS.1.2.0
2025-10-04 23:17:21,333 [INFO] PluginManage:359 - Loaded plugin analytics (category:tool,tabindex:-1)
2025-10-04 23:17:21,335 [INFO] PluginManage:310 - Check plugin cadmodel
2025-10-04 23:17:21,353 [INFO] CADModel:105 - Init CAD model plugin
2025-10-04 23:17:21,353 [INFO] PluginManage:359 - Loaded plugin cadmodel (category:power,tabindex:5)
2025-10-04 23:17:21,353 [INFO] PluginManage:310 - Check plugin clock
2025-10-04 23:17:21,382 [INFO] PluginManage:359 - Loaded plugin clock (category:base,tabindex:2)
2025-10-04 23:17:21,382 [INFO] PluginManage:310 - Check plugin ddr
2025-10-04 23:17:21,386 [INFO] PluginManage:359 - Loaded plugin ddr (category:tool,tabindex:6)
2025-10-04 23:17:21,387 [INFO] PluginManage:310 - Check plugin filemanager
2025-10-04 23:17:21,965 [INFO] PluginManage:359 - Loaded plugin filemanager (category:base,tabindex:10)
2025-10-04 23:17:21,965 [INFO] PluginManage:310 - Check plugin ipmanager
2025-10-04 23:17:21,979 [INFO] PluginManage:359 - Loaded plugin ipmanager (category:base,tabindex:5)
2025-10-04 23:17:21,979 [INFO] PluginManage:310 - Check plugin lpbam
2025-10-04 23:17:22,005 [INFO] PluginManage:359 - Loaded plugin lpbam (category:base,tabindex:0)
2025-10-04 23:17:22,005 [INFO] PluginManage:310 - Check plugin memorymap
2025-10-04 23:17:22,047 [INFO] PluginManage:359 - Loaded plugin memorymap (category:base,tabindex:4)
2025-10-04 23:17:22,047 [INFO] PluginManage:310 - Check plugin pinoutandconfiguration
2025-10-04 23:17:22,074 [INFO] PluginManage:359 - Loaded plugin pinoutandconfiguration (category:base,tabindex:1)
2025-10-04 23:17:22,076 [INFO] PluginManage:310 - Check plugin pinoutconfig
2025-10-04 23:17:22,323 [WARN] SupportedApi:132 - Cannot load RTOS API schema: s4s-elt-must-match.1: The content of 'definitions' must match (annotation?, (simpleType | complexType)?, (unique | key | keyref)*)). A problem was found starting at: attribute.
2025-10-04 23:17:23,178 [INFO] PluginManage:359 - Loaded plugin pinoutconfig (category:base,tabindex:0)
2025-10-04 23:17:23,178 [INFO] PluginManage:310 - Check plugin power
2025-10-04 23:17:23,223 [INFO] PluginManage:359 - Loaded plugin power (category:power,tabindex:4)
2025-10-04 23:17:23,224 [INFO] PluginManage:310 - Check plugin projectmanager
2025-10-04 23:17:23,279 [INFO] PluginManage:359 - Loaded plugin projectmanager (category:projectmanager,tabindex:4)
2025-10-04 23:17:23,280 [INFO] PluginManage:310 - Check plugin rif
2025-10-04 23:17:23,363 [INFO] PluginManage:359 - Loaded plugin rif (category:base,tabindex:3)
2025-10-04 23:17:23,364 [INFO] PluginManage:310 - Check plugin thirdparty
2025-10-04 23:17:23,949 [WARN] IntegrityCheckThread:84 - waiting for thirdparty lock release [integrity check]
2025-10-04 23:17:23,950 [INFO] IntegrityCheckThread:86 - entering critical section [integrity check]
2025-10-04 23:17:23,950 [INFO] ThirdPartyUpdaterWithRetryManager:70 - Updater plugin not ready yet. [1/15]
2025-10-04 23:17:23,953 [INFO] PluginManage:359 - Loaded plugin thirdparty (category:base,tabindex:-1)
2025-10-04 23:17:23,953 [INFO] PluginManage:310 - Check plugin tools
2025-10-04 23:17:23,968 [INFO] PluginManage:359 - Loaded plugin tools (category:base,tabindex:7)
2025-10-04 23:17:23,969 [INFO] PluginManage:310 - Check plugin tutovideos
2025-10-04 23:17:25,421 [INFO] PluginManage:359 - Loaded plugin tutovideos (category:base,tabindex:-1)
2025-10-04 23:17:25,422 [INFO] PluginManage:310 - Check plugin updater
2025-10-04 23:17:25,502 [INFO] PluginManage:359 - Loaded plugin updater (category:base,tabindex:12)
2025-10-04 23:17:25,503 [INFO] PluginManage:310 - Check plugin userauth
2025-10-04 23:17:25,533 [INFO] UserAuth:118 - Init User Auth plugin
2025-10-04 23:17:25,535 [INFO] PluginManage:359 - Loaded plugin userauth (category:base,tabindex:14)
2025-10-04 23:17:25,537 [INFO] PluginManage:283 - PluginManage : Loaded plugins [18]
2025-10-04 23:17:26,564 [INFO] PinOutPanel:1589 - setPackage(No Configuration,No Configuration)
2025-10-04 23:17:26,952 [INFO] ThirdPartyUpdaterWithRetryManager:70 - Updater plugin not ready yet. [2/15]
2025-10-04 23:17:26,977 [INFO] CADModel:165 - CPN selected for project level
2025-10-04 23:17:26,978 [INFO] CADModel:114 - Register for checkConnection events
2025-10-04 23:17:27,031 [INFO] IPUIPlugin:80 - create IPUIPlugin
2025-10-04 23:17:27,031 [INFO] PluginManager:220 - loadIPPluginJar : add adc
2025-10-04 23:17:27,046 [INFO] IPUIPlugin:80 - create IPUIPlugin
2025-10-04 23:17:27,047 [INFO] PluginManager:220 - loadIPPluginJar : add aes
2025-10-04 23:17:27,052 [INFO] IPUIPlugin:80 - create IPUIPlugin
2025-10-04 23:17:27,052 [INFO] PluginManager:220 - loadIPPluginJar : add can
2025-10-04 23:17:27,059 [INFO] IPUIPlugin:80 - create IPUIPlugin
2025-10-04 23:17:27,059 [INFO] PluginManager:220 - loadIPPluginJar : add comp
2025-10-04 23:17:27,085 [INFO] IPUIPlugin:80 - create IPUIPlugin
2025-10-04 23:17:27,085 [INFO] PluginManager:220 - loadIPPluginJar : add cryp
2025-10-04 23:17:27,101 [INFO] IPUIPlugin:80 - create IPUIPlugin
2025-10-04 23:17:27,102 [INFO] PluginManager:220 - loadIPPluginJar : add ddr_ctrl_phy
2025-10-04 23:17:27,114 [INFO] IPUIPlugin:80 - create IPUIPlugin
2025-10-04 23:17:27,114 [INFO] PluginManager:220 - loadIPPluginJar : add dfsdm
2025-10-04 23:17:27,139 [INFO] IPUIPlugin:80 - create IPUIPlugin
2025-10-04 23:17:27,146 [INFO] PluginManager:220 - loadIPPluginJar : add dma
2025-10-04 23:17:27,165 [INFO] IPUIPlugin:80 - create IPUIPlugin
2025-10-04 23:17:27,165 [INFO] PluginManager:220 - loadIPPluginJar : add dma3
2025-10-04 23:17:27,176 [INFO] IPUIPlugin:80 - create IPUIPlugin
2025-10-04 23:17:27,176 [INFO] PluginManager:220 - loadIPPluginJar : add extmemmanager
2025-10-04 23:17:27,184 [INFO] IPUIPlugin:80 - create IPUIPlugin
2025-10-04 23:17:27,185 [INFO] PluginManager:220 - loadIPPluginJar : add fatfs
2025-10-04 23:17:27,196 [INFO] IPUIPlugin:80 - create IPUIPlugin
2025-10-04 23:17:27,196 [INFO] PluginManager:220 - loadIPPluginJar : add fmc
2025-10-04 23:17:27,219 [INFO] IPUIPlugin:80 - create IPUIPlugin
2025-10-04 23:17:27,220 [INFO] PluginManager:220 - loadIPPluginJar : add freertos
2025-10-04 23:17:27,231 [INFO] IPUIPlugin:80 - create IPUIPlugin
2025-10-04 23:17:27,231 [INFO] PluginManager:220 - loadIPPluginJar : add genericplugin
2025-10-04 23:17:27,237 [INFO] IPUIPlugin:80 - create IPUIPlugin
2025-10-04 23:17:27,237 [INFO] PluginManager:220 - loadIPPluginJar : add gfxmmu
2025-10-04 23:17:27,254 [INFO] IPUIPlugin:80 - create IPUIPlugin
2025-10-04 23:17:27,254 [INFO] PluginManager:220 - loadIPPluginJar : add gic
2025-10-04 23:17:27,273 [INFO] IPUIPlugin:80 - create IPUIPlugin
2025-10-04 23:17:27,274 [INFO] PluginManager:220 - loadIPPluginJar : add gpio
2025-10-04 23:17:27,285 [INFO] IPUIPlugin:80 - create IPUIPlugin
2025-10-04 23:17:27,285 [INFO] PluginManager:220 - loadIPPluginJar : add gtzc
2025-10-04 23:17:27,292 [INFO] IPUIPlugin:80 - create IPUIPlugin
2025-10-04 23:17:27,293 [INFO] PluginManager:220 - loadIPPluginJar : add hash
2025-10-04 23:17:27,299 [INFO] IPUIPlugin:80 - create IPUIPlugin
2025-10-04 23:17:27,300 [INFO] PluginManager:220 - loadIPPluginJar : add i2c
2025-10-04 23:17:27,305 [INFO] IPUIPlugin:80 - create IPUIPlugin
2025-10-04 23:17:27,305 [INFO] PluginManager:220 - loadIPPluginJar : add i2s
2025-10-04 23:17:27,324 [INFO] IPUIPlugin:80 - create IPUIPlugin
2025-10-04 23:17:27,324 [INFO] PluginManager:220 - loadIPPluginJar : add i3c
2025-10-04 23:17:27,340 [INFO] IPUIPlugin:80 - create IPUIPlugin
2025-10-04 23:17:27,340 [INFO] PluginManager:220 - loadIPPluginJar : add ipddr
2025-10-04 23:17:27,357 [INFO] IPUIPlugin:80 - create IPUIPlugin
2025-10-04 23:17:27,357 [INFO] PluginManager:220 - loadIPPluginJar : add linkedlist
2025-10-04 23:17:27,369 [INFO] IPUIPlugin:80 - create IPUIPlugin
2025-10-04 23:17:27,369 [INFO] PluginManager:220 - loadIPPluginJar : add lorawan
2025-10-04 23:17:27,378 [INFO] IPUIPlugin:80 - create IPUIPlugin
2025-10-04 23:17:27,378 [INFO] PluginManager:220 - loadIPPluginJar : add ltdc
2025-10-04 23:17:27,401 [INFO] IPUIPlugin:80 - create IPUIPlugin
2025-10-04 23:17:27,401 [INFO] PluginManager:220 - loadIPPluginJar : add mdma
2025-10-04 23:17:27,421 [INFO] IPUIPlugin:80 - create IPUIPlugin
2025-10-04 23:17:27,421 [INFO] PluginManager:220 - loadIPPluginJar : add nvic
2025-10-04 23:17:27,431 [INFO] IPUIPlugin:80 - create IPUIPlugin
2025-10-04 23:17:27,431 [INFO] PluginManager:220 - loadIPPluginJar : add opamp
2025-10-04 23:17:27,440 [INFO] IPUIPlugin:80 - create IPUIPlugin
2025-10-04 23:17:27,441 [INFO] PluginManager:220 - loadIPPluginJar : add openamp
2025-10-04 23:17:27,447 [INFO] IPUIPlugin:80 - create IPUIPlugin
2025-10-04 23:17:27,447 [INFO] PluginManager:220 - loadIPPluginJar : add pdm2pcm
2025-10-04 23:17:27,465 [INFO] IPUIPlugin:80 - create IPUIPlugin
2025-10-04 23:17:27,480 [INFO] PluginManager:220 - loadIPPluginJar : add plateformsettings
2025-10-04 23:17:27,484 [INFO] IPUIPlugin:80 - create IPUIPlugin
2025-10-04 23:17:27,484 [INFO] PluginManager:220 - loadIPPluginJar : add quadspi
2025-10-04 23:17:27,490 [INFO] IPUIPlugin:80 - create IPUIPlugin
2025-10-04 23:17:27,493 [INFO] PluginManager:220 - loadIPPluginJar : add radio
2025-10-04 23:17:27,502 [INFO] IPUIPlugin:80 - create IPUIPlugin
2025-10-04 23:17:27,503 [INFO] PluginManager:220 - loadIPPluginJar : add resmgrutility
2025-10-04 23:17:27,516 [INFO] IPUIPlugin:80 - create IPUIPlugin
2025-10-04 23:17:27,516 [INFO] PluginManager:220 - loadIPPluginJar : add sai
2025-10-04 23:17:27,522 [INFO] IPUIPlugin:80 - create IPUIPlugin
2025-10-04 23:17:27,522 [INFO] PluginManager:220 - loadIPPluginJar : add spi
2025-10-04 23:17:27,537 [INFO] IPUIPlugin:80 - create IPUIPlugin
2025-10-04 23:17:27,537 [INFO] PluginManager:220 - loadIPPluginJar : add stm32_wpan
2025-10-04 23:17:27,544 [INFO] IPUIPlugin:80 - create IPUIPlugin
2025-10-04 23:17:27,544 [INFO] PluginManager:220 - loadIPPluginJar : add tim
2025-10-04 23:17:27,552 [INFO] IPUIPlugin:80 - create IPUIPlugin
2025-10-04 23:17:27,554 [INFO] PluginManager:220 - loadIPPluginJar : add touchsensing
2025-10-04 23:17:27,561 [INFO] IPUIPlugin:80 - create IPUIPlugin
2025-10-04 23:17:27,561 [INFO] PluginManager:220 - loadIPPluginJar : add tracer_emb
2025-10-04 23:17:27,567 [INFO] IPUIPlugin:80 - create IPUIPlugin
2025-10-04 23:17:27,567 [INFO] PluginManager:220 - loadIPPluginJar : add ts
2025-10-04 23:17:27,573 [INFO] IPUIPlugin:80 - create IPUIPlugin
2025-10-04 23:17:27,573 [INFO] PluginManager:220 - loadIPPluginJar : add tsc
2025-10-04 23:17:27,579 [INFO] IPUIPlugin:80 - create IPUIPlugin
2025-10-04 23:17:27,580 [INFO] PluginManager:220 - loadIPPluginJar : add ucpd
2025-10-04 23:17:27,590 [INFO] IPUIPlugin:80 - create IPUIPlugin
2025-10-04 23:17:27,590 [INFO] PluginManager:220 - loadIPPluginJar : add usart
2025-10-04 23:17:27,611 [INFO] IPUIPlugin:80 - create IPUIPlugin
2025-10-04 23:17:27,611 [INFO] PluginManager:220 - loadIPPluginJar : add usbx
2025-10-04 23:17:27,838 [FATAL] Updater:351 - Updater called before beeing initialized
2025-10-04 23:17:27,896 [INFO] RulesReader:64 - Compatibility file has been processed (317 Rules)
2025-10-04 23:17:27,918 [INFO] RulesReader:64 - Compatibility file has been processed (317 Rules)
2025-10-04 23:17:27,947 [INFO] CADModel:165 - CPN selected for project level
2025-10-04 23:17:27,947 [INFO] CADModel:114 - Register for checkConnection events
2025-10-04 23:17:27,947 [FATAL] Updater:351 - Updater called before beeing initialized
2025-10-04 23:17:27,947 [ERROR] CADModel:125 - Updater not yet initialized, retry later 
2025-10-04 23:17:28,472 [FATAL] Updater:351 - Updater called before beeing initialized
2025-10-04 23:17:28,476 [INFO] CADModel:165 - CPN selected for project level
2025-10-04 23:17:28,477 [INFO] CADModel:114 - Register for checkConnection events
2025-10-04 23:17:28,477 [FATAL] Updater:351 - Updater called before beeing initialized
2025-10-04 23:17:28,477 [ERROR] CADModel:125 - Updater not yet initialized, retry later 
2025-10-04 23:17:28,487 [FATAL] Updater:351 - Updater called before beeing initialized
2025-10-04 23:17:28,788 [FATAL] Updater:351 - Updater called before beeing initialized
2025-10-04 23:17:28,795 [INFO] DbMcusAds:53 - JSON generation date=Tue Jul 08 02:14:23 CST 2025 (1751962463582)
2025-10-04 23:17:28,796 [FATAL] Updater:351 - Updater called before beeing initialized
2025-10-04 23:17:28,857 [WARN] DetailPanel:346 - Failed to get advertising image, set to default
2025-10-04 23:17:29,070 [FATAL] Updater:351 - Updater called before beeing initialized
2025-10-04 23:17:29,074 [FATAL] Updater:351 - Updater called before beeing initialized
2025-10-04 23:17:29,075 [FATAL] Updater:351 - Updater called before beeing initialized
2025-10-04 23:17:29,075 [WARN] DetailPanel:346 - Failed to get advertising image, set to default
2025-10-04 23:17:29,077 [FATAL] Updater:351 - Updater called before beeing initialized
2025-10-04 23:17:29,215 [ERROR] Updater:1198 - MainUpdater not yet initialized. External WinMGr cannot be set.
2025-10-04 23:17:29,220 [INFO] Updater:1134 - Updater Version found : 6.15.0
2025-10-04 23:17:29,255 [INFO] ApplicationProperties:184 - Using Application install path: C:\ST\STM32CubeIDE_1.19.0\STM32CubeIDE\plugins\com.st.stm32cube.common.mx_6.15.0.202507011659
2025-10-04 23:17:29,953 [INFO] ThirdPartyUpdaterWithRetryManager:70 - Updater plugin not ready yet. [3/15]
2025-10-04 23:17:30,848 [ERROR] LogOutputStream:75 - [STDERR_REDIRECT] Oct 04, 2025 11:17:30 PM java.util.prefs.WindowsPreferences <init>
2025-10-04 23:17:30,850 [ERROR] LogOutputStream:75 - [STDERR_REDIRECT] WARNING: Could not open/create prefs root node Software\JavaSoft\Prefs at root 0xffffffff80000002. Windows RegCreateKeyEx(...) returned error code 5.
2025-10-04 23:17:30,850 [ERROR] LogOutputStream:75 - [STDERR_REDIRECT] 
2025-10-04 23:17:31,749 [INFO] MainUpdater:2872 - connection check result : 10
2025-10-04 23:17:31,750 [INFO] MainUpdater:3604 - Updater definition file requires update
2025-10-04 23:17:31,751 [INFO] MainUpdater:289 - Updater Check For Update Now.
2025-10-04 23:17:31,751 [INFO] MicroXplorer:498 - Change Database Version : DB.6.0.150
2025-10-04 23:17:31,772 [INFO] McuFinderGlobals:63 - Set McuFinder mode to 2 (CubeIDE integrated)
2025-10-04 23:17:31,774 [INFO] UserAuth:487 - Internet connection configuration mode: 1
2025-10-04 23:17:31,844 [INFO] JxBrowserEngine:152 - Initiate JxBrowser Engine with user profile folder
2025-10-04 23:17:31,855 [INFO] ServerAccessManage:452 - Complete download http(s) 200
2025-10-04 23:17:31,859 [INFO] ServerAccessManage:509 - Download File updaters.zip
2025-10-04 23:17:32,108 [INFO] FileExtend:248 - Unzip File : updaters.zip
2025-10-04 23:17:32,109 [INFO] FileExtend:263 - Standard Zip Deflate
2025-10-04 23:17:32,649 [INFO] ServerAccessManage:452 - Complete download http(s) 200
2025-10-04 23:17:32,650 [INFO] ServerAccessManage:509 - Download File PacksControlFlags.xml
2025-10-04 23:17:32,797 [INFO] ServerAccessManage:452 - Complete download http(s) 200
2025-10-04 23:17:32,797 [INFO] ServerAccessManage:509 - Download File cubemx.pidx
2025-10-04 23:17:32,953 [WARN] MainUpdater:1193 - Updater busy. Cannot search thirdparties
2025-10-04 23:17:32,954 [INFO] ThirdPartyUpdaterWithRetryManager:96 - Updater plugin is busy. [1/15]
2025-10-04 23:17:33,145 [INFO] LoadServerUpdatesThread:375 - End of LoadServerUpdate Thread
2025-10-04 23:17:33,358 [INFO] CheckServerUpdateThread:120 - End of CheckServer Thread
2025-10-04 23:17:35,505 [INFO] WebApp:169 - Instantiating new browser for Auth
2025-10-04 23:17:37,207 [WARN] PackLoader:240 - Cannot read IP mode file for STMicroelectronics.FP-SNS-MOTENVWB1.1.4.0
2025-10-04 23:17:37,243 [WARN] PackLoader:240 - Cannot read IP mode file for STMicroelectronics.FP-ATR-ASTRA1.2.0.2
2025-10-04 23:17:37,314 [WARN] PackLoader:240 - Cannot read IP mode file for STMicroelectronics.X-CUBE-SMBUS.2.1.0
2025-10-04 23:17:37,333 [WARN] PackLoader:240 - Cannot read IP mode file for STMicroelectronics.X-CUBE-ST60.1.0.0
2025-10-04 23:17:37,481 [WARN] PackLoader:240 - Cannot read IP mode file for STMicroelectronics.X-CUBE-AZRTOS-F7.1.1.0
2025-10-04 23:17:37,635 [WARN] PackLoader:240 - Cannot read IP mode file for Infineon.AIROC-Wi-Fi-Bluetooth-STM32.1.7.1
2025-10-04 23:17:37,789 [WARN] PackLoader:240 - Cannot read IP mode file for STMicroelectronics.X-CUBE-AZRTOS-H7.3.4.0
2025-10-04 23:17:37,843 [WARN] PackLoader:240 - Cannot read IP mode file for STMicroelectronics.X-CUBE-DISPLAY.3.0.0
2025-10-04 23:17:37,912 [WARN] PackLoader:240 - Cannot read IP mode file for STMicroelectronics.X-CUBE-NFC10.1.0.0
2025-10-04 23:17:37,972 [WARN] PackLoader:240 - Cannot read IP mode file for STMicroelectronics.X-CUBE-BLEMGR.4.0.0
2025-10-04 23:17:38,035 [WARN] PackLoader:240 - Cannot read IP mode file for emotas.I-CUBE-CANOPEN.1.3.0
2025-10-04 23:17:38,052 [WARN] ConditionMgr:438 - getConditionDescription Invalid condition id : Cortex-A Device cause : null
2025-10-04 23:17:38,101 [WARN] ConditionMgr:1044 - genDependencies : Invalid condition id : Cortex-A Device cause : null
2025-10-04 23:17:38,101 [WARN] ConditionMgr:1044 - genDependencies : Invalid condition id : Cortex-A Device cause : null
2025-10-04 23:17:38,102 [WARN] ConditionMgr:1044 - genDependencies : Invalid condition id : Cortex-A Device cause : null
2025-10-04 23:17:38,129 [WARN] PackLoader:240 - Cannot read IP mode file for STMicroelectronics.FP-SNS-STBOX1.2.1.0
2025-10-04 23:17:38,152 [WARN] PackLoader:240 - Cannot read IP mode file for STMicroelectronics.FP-SNS-SMARTAG2.1.2.0
2025-10-04 23:17:38,167 [WARN] PackLoader:240 - Cannot read IP mode file for STMicroelectronics.FP-SNS-FLIGHT1.5.1.0
2025-10-04 23:17:38,209 [INFO] LogOutputStream:77 - [STDOUT_REDIRECT] 1 : Invalid condition id : UX_CORESTACK_Condition cause : null
2025-10-04 23:17:38,212 [INFO] LogOutputStream:77 - [STDOUT_REDIRECT] 1 : Invalid condition id : UX_CORESTACK_Condition cause : null
2025-10-04 23:17:38,220 [INFO] LogOutputStream:77 - [STDOUT_REDIRECT] 1 : Invalid condition id : UX_CORESTACK_Condition cause : null
2025-10-04 23:17:38,229 [INFO] LogOutputStream:77 - [STDOUT_REDIRECT] 1 : Invalid condition id : UX_CORESTACK_Condition cause : null
2025-10-04 23:17:38,238 [INFO] LogOutputStream:77 - [STDOUT_REDIRECT] 1 : Invalid condition id : UX_CORESTACK_Condition cause : null
2025-10-04 23:17:38,249 [WARN] PackLoader:240 - Cannot read IP mode file for STMicroelectronics.X-CUBE-AZRTOS-WL.2.0.0
2025-10-04 23:17:38,269 [WARN] PackLoader:240 - Cannot read IP mode file for STMicroelectronics.FP-SNS-MOTENV1.5.0.0
2025-10-04 23:17:38,309 [WARN] PackLoader:240 - Cannot read IP mode file for WES.I-CUBE-Cesium.1.3.0
2025-10-04 23:17:38,331 [WARN] PackLoader:240 - Cannot read IP mode file for STMicroelectronics.X-CUBE-BLE2.3.3.0
2025-10-04 23:17:38,357 [WARN] PackLoader:240 - Cannot read IP mode file for STMicroelectronics.X-CUBE-NFC9.1.0.0
2025-10-04 23:17:38,381 [WARN] PackLoader:240 - Cannot read IP mode file for wolfSSL.I-CUBE-wolfSSL.5.8.0
2025-10-04 23:17:38,398 [WARN] PackLoader:240 - Cannot read IP mode file for STMicroelectronics.X-CUBE-BLE1.7.1.0
2025-10-04 23:17:38,412 [WARN] PackLoader:240 - Cannot read IP mode file for wolfSSL.I-CUBE-wolfMQTT.1.19.2
2025-10-04 23:17:38,434 [WARN] PackLoader:240 - Cannot read IP mode file for STMicroelectronics.X-CUBE-EEPRMA1.5.2.0
2025-10-04 23:17:38,455 [WARN] PackLoader:240 - Cannot read IP mode file for STMicroelectronics.X-CUBE-AI.10.1.0
2025-10-04 23:17:38,511 [WARN] PackLoader:240 - Cannot read IP mode file for STMicroelectronics.X-CUBE-AZRTOS-G0.1.1.0
2025-10-04 23:17:38,540 [WARN] PackLoader:240 - Cannot read IP mode file for STMicroelectronics.X-CUBE-SAFEA1.1.2.2
2025-10-04 23:17:38,563 [WARN] PackLoader:240 - Cannot read IP mode file for STMicroelectronics.X-CUBE-NFC4.3.0.0
2025-10-04 23:17:38,607 [WARN] PackLoader:240 - Cannot read IP mode file for EmbeddedOffice.I-CUBE-FS-RTOS.1.0.1
2025-10-04 23:17:38,627 [WARN] PackLoader:240 - Cannot read IP mode file for STMicroelectronics.X-CUBE-WB05N.2.0.0
2025-10-04 23:17:38,641 [WARN] PackLoader:240 - Cannot read IP mode file for wolfSSL.I-CUBE-wolfTPM.3.8.0
2025-10-04 23:17:38,660 [WARN] PackLoader:240 - Cannot read IP mode file for STMicroelectronics.X-CUBE-TCPP.4.2.0
2025-10-04 23:17:38,685 [WARN] PackLoader:240 - Cannot read IP mode file for RealThread.X-CUBE-RT-Thread_Nano.4.1.1
2025-10-04 23:17:38,700 [WARN] PackLoader:240 - Cannot read IP mode file for STMicroelectronics.FP-ATR-SIGFOX1.3.2.0
2025-10-04 23:17:38,718 [WARN] PackLoader:240 - Cannot read IP mode file for STMicroelectronics.X-CUBE-EEPRMA1.5.1.0
2025-10-04 23:17:38,747 [WARN] PackLoader:240 - Cannot read IP mode file for ITTIA_DB.I-CUBE-ITTIADB.8.9.0
2025-10-04 23:17:38,778 [WARN] PackLoader:240 - Cannot read IP mode file for STMicroelectronics.X-CUBE-ST67W61.1.0.0
2025-10-04 23:17:38,791 [WARN] PackLoader:240 - Cannot read IP mode file for STMicroelectronics.X-CUBE-AI.10.2.0
2025-10-04 23:17:38,914 [WARN] PackLoader:240 - Cannot read IP mode file for SEGGER.I-CUBE-embOS.1.3.1
2025-10-04 23:17:39,093 [WARN] PackLoader:240 - Cannot read IP mode file for STMicroelectronics.X-CUBE-ALGOBUILD.1.4.0
2025-10-04 23:17:39,242 [WARN] PackLoader:240 - Cannot read IP mode file for STMicroelectronics.X-CUBE-MEMS1.11.3.0
2025-10-04 23:17:39,724 [WARN] PackLoader:240 - Cannot read IP mode file for STMicroelectronics.X-CUBE-PM33A1.1.0.0
2025-10-04 23:17:39,775 [WARN] PackLoader:240 - Cannot read IP mode file for STMicroelectronics.X-CUBE-AZRTOS-F4.1.1.0
2025-10-04 23:17:39,796 [WARN] PackLoader:240 - Cannot read IP mode file for Avnet-IotConnect.X-CUBE-IoTC-DA16k-PMOD.1.0.0
2025-10-04 23:17:39,812 [WARN] PackLoader:240 - Cannot read IP mode file for STMicroelectronics.X-CUBE-ISPU.2.1.0
2025-10-04 23:17:39,841 [WARN] PackLoader:240 - Cannot read IP mode file for STMicroelectronics.X-CUBE-NFC12.1.0.0
2025-10-04 23:17:39,923 [WARN] PackLoader:240 - Cannot read IP mode file for STMicroelectronics.X-CUBE-AZRTOS-L5.2.0.0
2025-10-04 23:17:39,969 [WARN] PackLoader:240 - Cannot read IP mode file for STMicroelectronics.X-CUBE-NFC6.3.1.0
2025-10-04 23:17:40,006 [WARN] PackLoader:240 - Cannot read IP mode file for STMicroelectronics.X-CUBE-FREERTOS.1.3.1
2025-10-04 23:17:40,043 [WARN] PackLoader:240 - Cannot read IP mode file for STMicroelectronics.X-CUBE-TOUCHGFX.4.26.0
2025-10-04 23:17:40,064 [WARN] PackLoader:240 - Cannot read IP mode file for STMicroelectronics.FP-SNS-STAIOTCFT.1.0.0
2025-10-04 23:17:40,086 [WARN] PackLoader:240 - Cannot read IP mode file for STMicroelectronics.X-CUBE-DPower.1.3.0
2025-10-04 23:17:40,175 [WARN] ConditionMgr:438 - getConditionDescription Invalid condition id : LAN8742 Phy interface Condition cause : null
2025-10-04 23:17:40,177 [WARN] PackLoader:240 - Cannot read IP mode file for STMicroelectronics.X-CUBE-AZRTOS-L4.2.0.0
2025-10-04 23:17:40,182 [WARN] ConditionMgr:1044 - genDependencies : Invalid condition id : LAN8742 Phy interface Condition cause : null
2025-10-04 23:17:40,183 [WARN] ConditionMgr:1044 - genDependencies : Invalid condition id : LAN8742 Phy interface Condition cause : null
2025-10-04 23:17:40,186 [WARN] ConditionMgr:1044 - genDependencies : Invalid condition id : LAN8742 Phy interface Condition cause : null
2025-10-04 23:17:40,221 [WARN] PackLoader:240 - Cannot read IP mode file for STMicroelectronics.X-CUBE-SFXS2LP1.4.0.0
2025-10-04 23:17:40,272 [WARN] PackLoader:240 - Cannot read IP mode file for STMicroelectronics.X-CUBE-BLEMGR.4.1.0
2025-10-04 23:17:40,345 [WARN] ConditionMgr:438 - getConditionDescription Invalid condition id : UX DEVICE CLASS RTOS Condition cause : null
2025-10-04 23:17:40,346 [WARN] ConditionMgr:438 - getConditionDescription Invalid condition id : UX DEVICE CLASS RTOS Condition cause : null
2025-10-04 23:17:40,355 [WARN] PackLoader:240 - Cannot read IP mode file for STMicroelectronics.X-CUBE-AZRTOS-WB.2.0.0
2025-10-04 23:17:40,356 [WARN] ConditionMgr:1044 - genDependencies : Invalid condition id : UX DEVICE CLASS RTOS Condition cause : null
2025-10-04 23:17:40,356 [WARN] ConditionMgr:1044 - genDependencies : Invalid condition id : UX DEVICE CLASS RTOS Condition cause : null
2025-10-04 23:17:40,358 [WARN] ConditionMgr:1044 - genDependencies : Invalid condition id : UX DEVICE CLASS RTOS Condition cause : null
2025-10-04 23:17:40,359 [WARN] ConditionMgr:1044 - genDependencies : Invalid condition id : UX DEVICE CLASS RTOS Condition cause : null
2025-10-04 23:17:40,359 [WARN] ConditionMgr:1044 - genDependencies : Invalid condition id : UX DEVICE CLASS RTOS Condition cause : null
2025-10-04 23:17:40,379 [WARN] PackLoader:240 - Cannot read IP mode file for STMicroelectronics.X-CUBE-GNSS1.7.0.1
2025-10-04 23:17:40,389 [WARN] PackLoader:240 - Cannot read IP mode file for STMicroelectronics.X-CUBE-TOUCHGFX.4.25.0
2025-10-04 23:17:40,405 [WARN] PackLoader:240 - Cannot read IP mode file for STMicroelectronics.FP-SNS-STBOX1.2.0.0
2025-10-04 23:17:40,446 [WARN] PackLoader:240 - Cannot read IP mode file for STMicroelectronics.X-CUBE-SUBG2.5.0.0
2025-10-04 23:17:40,571 [WARN] PackLoader:240 - Cannot read IP mode file for STMicroelectronics.X-CUBE-AZRTOS-H7RS.1.1.0
2025-10-04 23:17:40,589 [WARN] PackLoader:240 - Cannot read IP mode file for Cesanta.I-CUBE-Mongoose.7.13.0
2025-10-04 23:17:40,622 [WARN] PackLoader:240 - Cannot read IP mode file for STMicroelectronics.X-CUBE-AZRTOS-G4.2.0.0
2025-10-04 23:17:40,631 [WARN] PackLoader:240 - Cannot read IP mode file for wolfSSL.I-CUBE-wolfSSH.1.4.20
2025-10-04 23:17:40,641 [WARN] PackLoader:240 - Cannot read IP mode file for STMicroelectronics.X-CUBE-NFC7.2.0.0
2025-10-04 23:17:40,663 [WARN] PackLoader:240 - Cannot read IP mode file for STMicroelectronics.X-CUBE-IPS.3.1.0
2025-10-04 23:17:40,691 [WARN] PackLoader:240 - Cannot read IP mode file for STMicroelectronics.X-CUBE-ALS.1.0.2
2025-10-04 23:17:40,709 [WARN] PackLoader:240 - Cannot read IP mode file for STMicroelectronics.X-CUBE-STSE01.1.0.0
2025-10-04 23:17:40,727 [WARN] PackLoader:240 - Cannot read IP mode file for portGmbH.I-Cube-SoM-uGOAL.1.1.0
2025-10-04 23:17:40,752 [WARN] PackLoader:240 - Cannot read IP mode file for STMicroelectronics.X-CUBE-TOF1.3.4.3
2025-10-04 23:17:40,786 [INFO] ThirdParty:978 - Integrity check success = true
2025-10-04 23:17:40,787 [INFO] IntegrityCheckThread:100 - exiting critical section [integrity check]
2025-10-04 23:17:40,787 [INFO] IntegrityCheckThread:103 - End integrity checks thread
2025-10-04 23:17:40,953 [INFO] WebApp:463 - Apply proxy settings
2025-10-04 23:17:40,953 [INFO] WebApp:548 - Chromium requires no authentication
2025-10-04 23:17:41,042 [INFO] WebApp:491 - Direct internet connection detected
2025-10-04 23:17:41,217 [INFO] WebApp:900 - Register for checkConnection events
2025-10-04 23:17:41,217 [INFO] WebApp:463 - Apply proxy settings
2025-10-04 23:17:41,218 [INFO] WebApp:548 - Chromium requires no authentication
2025-10-04 23:17:41,227 [INFO] WebApp:491 - Direct internet connection detected
2025-10-04 23:17:41,555 [INFO] WebApp:191 - Connection restablished
